{"F:\\CSharp_project\\fooboolooGame\\src\\api\\api.ts": {"path":"F:\\CSharp_project\\fooboolooGame\\src\\api\\api.ts","statementMap":{"0":{"start":{"line":3,"column":21},"end":{"line":3,"column":48}},"1":{"start":{"line":5,"column":19},"end":{"line":7,"column":2}},"2":{"start":{"line":9,"column":26},"end":{"line":12,"column":1}},"3":{"start":{"line":10,"column":21},"end":{"line":10,"column":80}},"4":{"start":{"line":11,"column":4},"end":{"line":11,"column":25}},"5":{"start":{"line":14,"column":24},"end":{"line":17,"column":1}},"6":{"start":{"line":15,"column":21},"end":{"line":15,"column":44}},"7":{"start":{"line":16,"column":4},"end":{"line":16,"column":25}},"8":{"start":{"line":19,"column":28},"end":{"line":22,"column":1}},"9":{"start":{"line":20,"column":21},"end":{"line":20,"column":82}},"10":{"start":{"line":21,"column":4},"end":{"line":21,"column":25}},"11":{"start":{"line":24,"column":26},"end":{"line":27,"column":1}},"12":{"start":{"line":25,"column":21},"end":{"line":25,"column":60}},"13":{"start":{"line":26,"column":4},"end":{"line":26,"column":25}},"14":{"start":{"line":29,"column":29},"end":{"line":32,"column":1}},"15":{"start":{"line":30,"column":21},"end":{"line":30,"column":72}},"16":{"start":{"line":31,"column":4},"end":{"line":31,"column":25}},"17":{"start":{"line":34,"column":28},"end":{"line":37,"column":1}},"18":{"start":{"line":35,"column":21},"end":{"line":35,"column":95}},"19":{"start":{"line":36,"column":4},"end":{"line":36,"column":25}},"20":{"start":{"line":39,"column":26},"end":{"line":42,"column":1}},"21":{"start":{"line":40,"column":21},"end":{"line":40,"column":65}},"22":{"start":{"line":41,"column":4},"end":{"line":41,"column":25}},"23":{"start":{"line":44,"column":26},"end":{"line":47,"column":1}},"24":{"start":{"line":45,"column":21},"end":{"line":45,"column":68}},"25":{"start":{"line":46,"column":4},"end":{"line":46,"column":25}}},"fnMap":{"0":{"name":"(anonymous_0)","decl":{"start":{"line":9,"column":26},"end":{"line":9,"column":27}},"loc":{"start":{"line":9,"column":123},"end":{"line":12,"column":1}},"line":9},"1":{"name":"(anonymous_1)","decl":{"start":{"line":14,"column":24},"end":{"line":14,"column":25}},"loc":{"start":{"line":14,"column":36},"end":{"line":17,"column":1}},"line":14},"2":{"name":"(anonymous_2)","decl":{"start":{"line":19,"column":28},"end":{"line":19,"column":29}},"loc":{"start":{"line":19,"column":92},"end":{"line":22,"column":1}},"line":19},"3":{"name":"(anonymous_3)","decl":{"start":{"line":24,"column":26},"end":{"line":24,"column":27}},"loc":{"start":{"line":24,"column":55},"end":{"line":27,"column":1}},"line":24},"4":{"name":"(anonymous_4)","decl":{"start":{"line":29,"column":29},"end":{"line":29,"column":30}},"loc":{"start":{"line":29,"column":58},"end":{"line":32,"column":1}},"line":29},"5":{"name":"(anonymous_5)","decl":{"start":{"line":34,"column":28},"end":{"line":34,"column":29}},"loc":{"start":{"line":34,"column":89},"end":{"line":37,"column":1}},"line":34},"6":{"name":"(anonymous_6)","decl":{"start":{"line":39,"column":26},"end":{"line":39,"column":27}},"loc":{"start":{"line":39,"column":55},"end":{"line":42,"column":1}},"line":39},"7":{"name":"(anonymous_7)","decl":{"start":{"line":44,"column":26},"end":{"line":44,"column":27}},"loc":{"start":{"line":44,"column":55},"end":{"line":47,"column":1}},"line":44}},"branchMap":{},"s":{"0":7,"1":7,"2":7,"3":1,"4":1,"5":7,"6":1,"7":1,"8":7,"9":1,"10":1,"11":7,"12":1,"13":1,"14":7,"15":1,"16":1,"17":7,"18":1,"19":1,"20":7,"21":1,"22":1,"23":7,"24":1,"25":1},"f":{"0":1,"1":1,"2":1,"3":1,"4":1,"5":1,"6":1,"7":1},"b":{},"_coverageSchema":"1a1c01bbd47fc00a2c39e90264f33305004495a9","hash":"9962e0fd79581a158daaef029cd3e00c14fdfda8"}
,"F:\\CSharp_project\\fooboolooGame\\src\\components\\GameForm.tsx": {"path":"F:\\CSharp_project\\fooboolooGame\\src\\components\\GameForm.tsx","statementMap":{"0":{"start":{"line":6,"column":27},"end":{"line":181,"column":1}},"1":{"start":{"line":7,"column":28},"end":{"line":7,"column":40}},"2":{"start":{"line":8,"column":32},"end":{"line":8,"column":44}},"3":{"start":{"line":9,"column":26},"end":{"line":9,"column":54}},"4":{"start":{"line":10,"column":26},"end":{"line":10,"column":56}},"5":{"start":{"line":11,"column":30},"end":{"line":11,"column":102}},"6":{"start":{"line":12,"column":32},"end":{"line":18,"column":6}},"7":{"start":{"line":19,"column":21},"end":{"line":19,"column":37}},"8":{"start":{"line":21,"column":26},"end":{"line":24,"column":5}},"9":{"start":{"line":22,"column":8},"end":{"line":22,"column":55}},"10":{"start":{"line":23,"column":8},"end":{"line":23,"column":66}},"11":{"start":{"line":26,"column":25},"end":{"line":47,"column":5}},"12":{"start":{"line":27,"column":8},"end":{"line":27,"column":27}},"13":{"start":{"line":28,"column":26},"end":{"line":34,"column":9}},"14":{"start":{"line":33,"column":37},"end":{"line":33,"column":63}},"15":{"start":{"line":35,"column":8},"end":{"line":35,"column":29}},"16":{"start":{"line":37,"column":8},"end":{"line":39,"column":9}},"17":{"start":{"line":37,"column":51},"end":{"line":37,"column":113}},"18":{"start":{"line":37,"column":110},"end":{"line":37,"column":111}},"19":{"start":{"line":38,"column":12},"end":{"line":38,"column":19}},"20":{"start":{"line":41,"column":31},"end":{"line":44,"column":40}},"21":{"start":{"line":42,"column":12},"end":{"line":42,"column":51}},"22":{"start":{"line":43,"column":12},"end":{"line":43,"column":23}},"23":{"start":{"line":46,"column":8},"end":{"line":46,"column":109}},"24":{"start":{"line":49,"column":4},"end":{"line":180,"column":6}},"25":{"start":{"line":70,"column":41},"end":{"line":70,"column":64}},"26":{"start":{"line":81,"column":41},"end":{"line":81,"column":66}},"27":{"start":{"line":93,"column":41},"end":{"line":93,"column":102}},"28":{"start":{"line":106,"column":41},"end":{"line":106,"column":102}},"29":{"start":{"line":119,"column":24},"end":{"line":150,"column":31}},"30":{"start":{"line":125,"column":57},"end":{"line":125,"column":67}},"31":{"start":{"line":126,"column":40},"end":{"line":126,"column":80}},"32":{"start":{"line":127,"column":40},"end":{"line":127,"column":59}},"33":{"start":{"line":140,"column":57},"end":{"line":140,"column":67}},"34":{"start":{"line":141,"column":40},"end":{"line":141,"column":78}},"35":{"start":{"line":142,"column":40},"end":{"line":142,"column":59}}},"fnMap":{"0":{"name":"(anonymous_0)","decl":{"start":{"line":6,"column":27},"end":{"line":6,"column":28}},"loc":{"start":{"line":6,"column":33},"end":{"line":181,"column":1}},"line":6},"1":{"name":"(anonymous_1)","decl":{"start":{"line":21,"column":26},"end":{"line":21,"column":27}},"loc":{"start":{"line":21,"column":32},"end":{"line":24,"column":5}},"line":21},"2":{"name":"(anonymous_2)","decl":{"start":{"line":26,"column":25},"end":{"line":26,"column":26}},"loc":{"start":{"line":26,"column":55},"end":{"line":47,"column":5}},"line":26},"3":{"name":"(anonymous_3)","decl":{"start":{"line":33,"column":29},"end":{"line":33,"column":30}},"loc":{"start":{"line":33,"column":37},"end":{"line":33,"column":63}},"line":33},"4":{"name":"(anonymous_4)","decl":{"start":{"line":37,"column":42},"end":{"line":37,"column":43}},"loc":{"start":{"line":37,"column":51},"end":{"line":37,"column":113}},"line":37},"5":{"name":"(anonymous_5)","decl":{"start":{"line":37,"column":105},"end":{"line":37,"column":106}},"loc":{"start":{"line":37,"column":110},"end":{"line":37,"column":111}},"line":37},"6":{"name":"(anonymous_6)","decl":{"start":{"line":41,"column":44},"end":{"line":41,"column":45}},"loc":{"start":{"line":41,"column":59},"end":{"line":44,"column":9}},"line":41},"7":{"name":"(anonymous_7)","decl":{"start":{"line":70,"column":34},"end":{"line":70,"column":35}},"loc":{"start":{"line":70,"column":41},"end":{"line":70,"column":64}},"line":70},"8":{"name":"(anonymous_8)","decl":{"start":{"line":81,"column":34},"end":{"line":81,"column":35}},"loc":{"start":{"line":81,"column":41},"end":{"line":81,"column":66}},"line":81},"9":{"name":"(anonymous_9)","decl":{"start":{"line":93,"column":34},"end":{"line":93,"column":35}},"loc":{"start":{"line":93,"column":41},"end":{"line":93,"column":102}},"line":93},"10":{"name":"(anonymous_10)","decl":{"start":{"line":106,"column":34},"end":{"line":106,"column":35}},"loc":{"start":{"line":106,"column":41},"end":{"line":106,"column":102}},"line":106},"11":{"name":"(anonymous_11)","decl":{"start":{"line":118,"column":31},"end":{"line":118,"column":32}},"loc":{"start":{"line":119,"column":24},"end":{"line":150,"column":31}},"line":119},"12":{"name":"(anonymous_12)","decl":{"start":{"line":124,"column":46},"end":{"line":124,"column":47}},"loc":{"start":{"line":124,"column":53},"end":{"line":128,"column":37}},"line":124},"13":{"name":"(anonymous_13)","decl":{"start":{"line":139,"column":46},"end":{"line":139,"column":47}},"loc":{"start":{"line":139,"column":53},"end":{"line":143,"column":37}},"line":139}},"branchMap":{"0":{"loc":{"start":{"line":32,"column":17},"end":{"line":32,"column":40}},"type":"binary-expr","locations":[{"start":{"line":32,"column":17},"end":{"line":32,"column":27}},{"start":{"line":32,"column":31},"end":{"line":32,"column":40}}],"line":32},"1":{"loc":{"start":{"line":33,"column":37},"end":{"line":33,"column":63}},"type":"binary-expr","locations":[{"start":{"line":33,"column":37},"end":{"line":33,"column":49}},{"start":{"line":33,"column":53},"end":{"line":33,"column":63}}],"line":33},"2":{"loc":{"start":{"line":37,"column":8},"end":{"line":39,"column":9}},"type":"if","locations":[{"start":{"line":37,"column":8},"end":{"line":39,"column":9}},{"start":{},"end":{}}],"line":37},"3":{"loc":{"start":{"line":37,"column":51},"end":{"line":37,"column":113}},"type":"binary-expr","locations":[{"start":{"line":37,"column":51},"end":{"line":37,"column":65}},{"start":{"line":37,"column":70},"end":{"line":37,"column":90}},{"start":{"line":37,"column":94},"end":{"line":37,"column":112}}],"line":37},"4":{"loc":{"start":{"line":74,"column":36},"end":{"line":74,"column":78}},"type":"cond-expr","locations":[{"start":{"line":74,"column":50},"end":{"line":74,"column":73}},{"start":{"line":74,"column":76},"end":{"line":74,"column":78}}],"line":74},"5":{"loc":{"start":{"line":85,"column":36},"end":{"line":85,"column":77}},"type":"cond-expr","locations":[{"start":{"line":85,"column":52},"end":{"line":85,"column":72}},{"start":{"line":85,"column":75},"end":{"line":85,"column":77}}],"line":85},"6":{"loc":{"start":{"line":93,"column":48},"end":{"line":93,"column":101}},"type":"cond-expr","locations":[{"start":{"line":93,"column":72},"end":{"line":93,"column":74}},{"start":{"line":93,"column":77},"end":{"line":93,"column":101}}],"line":93},"7":{"loc":{"start":{"line":98,"column":36},"end":{"line":98,"column":71}},"type":"cond-expr","locations":[{"start":{"line":98,"column":49},"end":{"line":98,"column":66}},{"start":{"line":98,"column":69},"end":{"line":98,"column":71}}],"line":98},"8":{"loc":{"start":{"line":106,"column":48},"end":{"line":106,"column":101}},"type":"cond-expr","locations":[{"start":{"line":106,"column":72},"end":{"line":106,"column":74}},{"start":{"line":106,"column":77},"end":{"line":106,"column":101}}],"line":106},"9":{"loc":{"start":{"line":111,"column":36},"end":{"line":111,"column":71}},"type":"cond-expr","locations":[{"start":{"line":111,"column":49},"end":{"line":111,"column":66}},{"start":{"line":111,"column":69},"end":{"line":111,"column":71}}],"line":111},"10":{"loc":{"start":{"line":132,"column":48},"end":{"line":132,"column":95}},"type":"cond-expr","locations":[{"start":{"line":132,"column":70},"end":{"line":132,"column":90}},{"start":{"line":132,"column":93},"end":{"line":132,"column":95}}],"line":132},"11":{"loc":{"start":{"line":147,"column":48},"end":{"line":147,"column":93}},"type":"cond-expr","locations":[{"start":{"line":147,"column":70},"end":{"line":147,"column":88}},{"start":{"line":147,"column":91},"end":{"line":147,"column":93}}],"line":147}},"s":{"0":1,"1":20,"2":20,"3":20,"4":20,"5":20,"6":20,"7":20,"8":20,"9":1,"10":1,"11":20,"12":3,"13":3,"14":3,"15":3,"16":3,"17":7,"18":1,"19":2,"20":1,"21":1,"22":1,"23":1,"24":20,"25":2,"26":2,"27":3,"28":1,"29":21,"30":1,"31":1,"32":1,"33":1,"34":1,"35":1},"f":{"0":20,"1":1,"2":3,"3":3,"4":7,"5":1,"6":1,"7":2,"8":2,"9":3,"10":1,"11":21,"12":1,"13":1},"b":{"0":[3,2],"1":[3,1],"2":[2,1],"3":[7,5,1],"4":[2,18],"5":[2,18],"6":[1,2],"7":[1,19],"8":[1,0],"9":[1,19],"10":[2,19],"11":[2,19]},"_coverageSchema":"1a1c01bbd47fc00a2c39e90264f33305004495a9","hash":"4becf34d051b074297fc2a7178638298a5cfc5a6"}
,"F:\\CSharp_project\\fooboolooGame\\src\\components\\GameList.tsx": {"path":"F:\\CSharp_project\\fooboolooGame\\src\\components\\GameList.tsx","statementMap":{"0":{"start":{"line":9,"column":27},"end":{"line":90,"column":1}},"1":{"start":{"line":10,"column":21},"end":{"line":10,"column":37}},"2":{"start":{"line":12,"column":18},"end":{"line":12,"column":62}},"3":{"start":{"line":12,"column":44},"end":{"line":12,"column":61}},"4":{"start":{"line":15,"column":4},"end":{"line":17,"column":19}},"5":{"start":{"line":16,"column":8},"end":{"line":16,"column":31}},"6":{"start":{"line":19,"column":4},"end":{"line":89,"column":6}},"7":{"start":{"line":57,"column":20},"end":{"line":85,"column":31}}},"fnMap":{"0":{"name":"(anonymous_0)","decl":{"start":{"line":9,"column":27},"end":{"line":9,"column":28}},"loc":{"start":{"line":9,"column":33},"end":{"line":90,"column":1}},"line":9},"1":{"name":"(anonymous_1)","decl":{"start":{"line":12,"column":33},"end":{"line":12,"column":34}},"loc":{"start":{"line":12,"column":44},"end":{"line":12,"column":61}},"line":12},"2":{"name":"(anonymous_2)","decl":{"start":{"line":15,"column":14},"end":{"line":15,"column":15}},"loc":{"start":{"line":15,"column":20},"end":{"line":17,"column":5}},"line":15},"3":{"name":"(anonymous_3)","decl":{"start":{"line":56,"column":27},"end":{"line":56,"column":28}},"loc":{"start":{"line":57,"column":20},"end":{"line":85,"column":31}},"line":57}},"branchMap":{},"s":{"0":1,"1":5,"2":5,"3":10,"4":5,"5":5,"6":5,"7":8},"f":{"0":5,"1":10,"2":5,"3":8},"b":{},"_coverageSchema":"1a1c01bbd47fc00a2c39e90264f33305004495a9","hash":"e1cb6c787ff58c803e88426fd6e95fdf00034bb8"}
,"F:\\CSharp_project\\fooboolooGame\\src\\components\\Session.tsx": {"path":"F:\\CSharp_project\\fooboolooGame\\src\\components\\Session.tsx","statementMap":{"0":{"start":{"line":12,"column":15},"end":{"line":19,"column":1}},"1":{"start":{"line":23,"column":49},"end":{"line":152,"column":1}},"2":{"start":{"line":24,"column":21},"end":{"line":24,"column":37}},"3":{"start":{"line":25,"column":21},"end":{"line":25,"column":34}},"4":{"start":{"line":26,"column":26},"end":{"line":26,"column":80}},"5":{"start":{"line":26,"column":52},"end":{"line":26,"column":79}},"6":{"start":{"line":27,"column":21},"end":{"line":27,"column":70}},"7":{"start":{"line":27,"column":47},"end":{"line":27,"column":69}},"8":{"start":{"line":28,"column":32},"end":{"line":28,"column":44}},"9":{"start":{"line":29,"column":36},"end":{"line":29,"column":54}},"10":{"start":{"line":32,"column":4},"end":{"line":34,"column":30}},"11":{"start":{"line":33,"column":8},"end":{"line":33,"column":45}},"12":{"start":{"line":37,"column":4},"end":{"line":44,"column":19}},"13":{"start":{"line":38,"column":8},"end":{"line":43,"column":9}},"14":{"start":{"line":39,"column":26},"end":{"line":39,"column":75}},"15":{"start":{"line":39,"column":43},"end":{"line":39,"column":68}},"16":{"start":{"line":40,"column":12},"end":{"line":40,"column":45}},"17":{"start":{"line":40,"column":25},"end":{"line":40,"column":44}},"18":{"start":{"line":42,"column":12},"end":{"line":42,"column":31}},"19":{"start":{"line":47,"column":25},"end":{"line":52,"column":5}},"20":{"start":{"line":48,"column":8},"end":{"line":48,"column":27}},"21":{"start":{"line":49,"column":8},"end":{"line":49,"column":82}},"22":{"start":{"line":50,"column":8},"end":{"line":50,"column":22}},"23":{"start":{"line":51,"column":8},"end":{"line":51,"column":45}},"24":{"start":{"line":54,"column":29},"end":{"line":57,"column":5}},"25":{"start":{"line":55,"column":8},"end":{"line":55,"column":53}},"26":{"start":{"line":56,"column":8},"end":{"line":56,"column":51}},"27":{"start":{"line":59,"column":4},"end":{"line":151,"column":6}},"28":{"start":{"line":107,"column":49},"end":{"line":107,"column":74}}},"fnMap":{"0":{"name":"(anonymous_0)","decl":{"start":{"line":23,"column":49},"end":{"line":23,"column":50}},"loc":{"start":{"line":23,"column":68},"end":{"line":152,"column":1}},"line":23},"1":{"name":"(anonymous_1)","decl":{"start":{"line":26,"column":41},"end":{"line":26,"column":42}},"loc":{"start":{"line":26,"column":52},"end":{"line":26,"column":79}},"line":26},"2":{"name":"(anonymous_2)","decl":{"start":{"line":27,"column":36},"end":{"line":27,"column":37}},"loc":{"start":{"line":27,"column":47},"end":{"line":27,"column":69}},"line":27},"3":{"name":"(anonymous_3)","decl":{"start":{"line":32,"column":14},"end":{"line":32,"column":15}},"loc":{"start":{"line":32,"column":20},"end":{"line":34,"column":5}},"line":32},"4":{"name":"(anonymous_4)","decl":{"start":{"line":37,"column":14},"end":{"line":37,"column":15}},"loc":{"start":{"line":37,"column":20},"end":{"line":44,"column":5}},"line":37},"5":{"name":"(anonymous_5)","decl":{"start":{"line":39,"column":37},"end":{"line":39,"column":38}},"loc":{"start":{"line":39,"column":43},"end":{"line":39,"column":68}},"line":39},"6":{"name":"(anonymous_6)","decl":{"start":{"line":40,"column":19},"end":{"line":40,"column":20}},"loc":{"start":{"line":40,"column":25},"end":{"line":40,"column":44}},"line":40},"7":{"name":"(anonymous_7)","decl":{"start":{"line":47,"column":25},"end":{"line":47,"column":26}},"loc":{"start":{"line":47,"column":55},"end":{"line":52,"column":5}},"line":47},"8":{"name":"(anonymous_8)","decl":{"start":{"line":54,"column":29},"end":{"line":54,"column":30}},"loc":{"start":{"line":54,"column":41},"end":{"line":57,"column":5}},"line":54},"9":{"name":"(anonymous_9)","decl":{"start":{"line":107,"column":42},"end":{"line":107,"column":43}},"loc":{"start":{"line":107,"column":49},"end":{"line":107,"column":74}},"line":107}},"branchMap":{"0":{"loc":{"start":{"line":38,"column":8},"end":{"line":43,"column":9}},"type":"if","locations":[{"start":{"line":38,"column":8},"end":{"line":43,"column":9}},{"start":{"line":41,"column":15},"end":{"line":43,"column":9}}],"line":38},"1":{"loc":{"start":{"line":87,"column":51},"end":{"line":87,"column":84}},"type":"cond-expr","locations":[{"start":{"line":87,"column":67},"end":{"line":87,"column":72}},{"start":{"line":87,"column":75},"end":{"line":87,"column":84}}],"line":87},"2":{"loc":{"start":{"line":91,"column":35},"end":{"line":91,"column":68}},"type":"cond-expr","locations":[{"start":{"line":91,"column":51},"end":{"line":91,"column":56}},{"start":{"line":91,"column":59},"end":{"line":91,"column":68}}],"line":91},"3":{"loc":{"start":{"line":98,"column":17},"end":{"line":131,"column":17}},"type":"binary-expr","locations":[{"start":{"line":98,"column":17},"end":{"line":98,"column":30}},{"start":{"line":99,"column":20},"end":{"line":130,"column":26}}],"line":98}},"s":{"0":1,"1":1,"2":8,"3":8,"4":8,"5":13,"6":8,"7":13,"8":8,"9":8,"10":8,"11":5,"12":8,"13":6,"14":6,"15":1,"16":6,"17":6,"18":0,"19":8,"20":1,"21":1,"22":1,"23":1,"24":8,"25":1,"26":1,"27":8,"28":1},"f":{"0":8,"1":13,"2":13,"3":5,"4":6,"5":1,"6":6,"7":1,"8":1,"9":1},"b":{"0":[6,0],"1":[0,8],"2":[0,8],"3":[8,8]},"_coverageSchema":"1a1c01bbd47fc00a2c39e90264f33305004495a9","hash":"737b43ecdf0c6d10424bd4f64a64e4fd177d80b8"}
,"F:\\CSharp_project\\fooboolooGame\\src\\components\\SessionResults.tsx": {"path":"F:\\CSharp_project\\fooboolooGame\\src\\components\\SessionResults.tsx","statementMap":{"0":{"start":{"line":13,"column":33},"end":{"line":107,"column":1}},"1":{"start":{"line":14,"column":18},"end":{"line":14,"column":64}},"2":{"start":{"line":14,"column":44},"end":{"line":14,"column":63}},"3":{"start":{"line":15,"column":21},"end":{"line":15,"column":34}},"4":{"start":{"line":16,"column":27},"end":{"line":16,"column":80}},"5":{"start":{"line":16,"column":53},"end":{"line":16,"column":79}},"6":{"start":{"line":17,"column":34},"end":{"line":17,"column":46}},"7":{"start":{"line":18,"column":40},"end":{"line":18,"column":55}},"8":{"start":{"line":20,"column":4},"end":{"line":29,"column":32}},"9":{"start":{"line":21,"column":27},"end":{"line":21,"column":57}},"10":{"start":{"line":22,"column":8},"end":{"line":28,"column":9}},"11":{"start":{"line":23,"column":12},"end":{"line":23,"column":64}},"12":{"start":{"line":24,"column":12},"end":{"line":24,"column":32}},"13":{"start":{"line":25,"column":15},"end":{"line":28,"column":9}},"14":{"start":{"line":26,"column":12},"end":{"line":26,"column":49}},"15":{"start":{"line":27,"column":12},"end":{"line":27,"column":33}},"16":{"start":{"line":31,"column":27},"end":{"line":33,"column":5}},"17":{"start":{"line":32,"column":8},"end":{"line":32,"column":22}},"18":{"start":{"line":35,"column":27},"end":{"line":42,"column":5}},"19":{"start":{"line":44,"column":4},"end":{"line":106,"column":6}}},"fnMap":{"0":{"name":"(anonymous_0)","decl":{"start":{"line":13,"column":33},"end":{"line":13,"column":34}},"loc":{"start":{"line":13,"column":39},"end":{"line":107,"column":1}},"line":13},"1":{"name":"(anonymous_1)","decl":{"start":{"line":14,"column":33},"end":{"line":14,"column":34}},"loc":{"start":{"line":14,"column":44},"end":{"line":14,"column":63}},"line":14},"2":{"name":"(anonymous_2)","decl":{"start":{"line":16,"column":42},"end":{"line":16,"column":43}},"loc":{"start":{"line":16,"column":53},"end":{"line":16,"column":79}},"line":16},"3":{"name":"(anonymous_3)","decl":{"start":{"line":20,"column":14},"end":{"line":20,"column":15}},"loc":{"start":{"line":20,"column":20},"end":{"line":29,"column":5}},"line":20},"4":{"name":"(anonymous_4)","decl":{"start":{"line":31,"column":27},"end":{"line":31,"column":28}},"loc":{"start":{"line":31,"column":33},"end":{"line":33,"column":5}},"line":31}},"branchMap":{"0":{"loc":{"start":{"line":22,"column":8},"end":{"line":28,"column":9}},"type":"if","locations":[{"start":{"line":22,"column":8},"end":{"line":28,"column":9}},{"start":{"line":25,"column":15},"end":{"line":28,"column":9}}],"line":22},"1":{"loc":{"start":{"line":25,"column":15},"end":{"line":28,"column":9}},"type":"if","locations":[{"start":{"line":25,"column":15},"end":{"line":28,"column":9}},{"start":{},"end":{}}],"line":25},"2":{"loc":{"start":{"line":69,"column":17},"end":{"line":84,"column":17}},"type":"cond-expr","locations":[{"start":{"line":70,"column":20},"end":{"line":76,"column":23}},{"start":{"line":78,"column":20},"end":{"line":83,"column":23}}],"line":69}},"s":{"0":1,"1":8,"2":12,"3":8,"4":8,"5":12,"6":8,"7":8,"8":8,"9":4,"10":4,"11":3,"12":3,"13":1,"14":1,"15":1,"16":8,"17":1,"18":8,"19":8},"f":{"0":8,"1":12,"2":12,"3":4,"4":1},"b":{"0":[3,1],"1":[1,0],"2":[3,5]},"_coverageSchema":"1a1c01bbd47fc00a2c39e90264f33305004495a9","hash":"e85a2573efa2db484dcff5b3dfa8774e6f52ab30"}
,"F:\\CSharp_project\\fooboolooGame\\src\\features\\gamesSlice.ts": {"path":"F:\\CSharp_project\\fooboolooGame\\src\\features\\gamesSlice.ts","statementMap":{"0":{"start":{"line":20,"column":33},"end":{"line":23,"column":1}},"1":{"start":{"line":26,"column":26},"end":{"line":29,"column":2}},"2":{"start":{"line":27,"column":21},"end":{"line":27,"column":37}},"3":{"start":{"line":28,"column":4},"end":{"line":28,"column":28}},"4":{"start":{"line":32,"column":23},"end":{"line":35,"column":2}},"5":{"start":{"line":33,"column":21},"end":{"line":33,"column":108}},"6":{"start":{"line":34,"column":4},"end":{"line":34,"column":20}},"7":{"start":{"line":38,"column":19},"end":{"line":58,"column":2}},"8":{"start":{"line":43,"column":8},"end":{"line":56,"column":15}},"9":{"start":{"line":45,"column":16},"end":{"line":45,"column":41}},"10":{"start":{"line":48,"column":16},"end":{"line":48,"column":38}},"11":{"start":{"line":49,"column":16},"end":{"line":49,"column":45}},"12":{"start":{"line":52,"column":16},"end":{"line":52,"column":40}},"13":{"start":{"line":55,"column":16},"end":{"line":55,"column":49}}},"fnMap":{"0":{"name":"(anonymous_0)","decl":{"start":{"line":26,"column":63},"end":{"line":26,"column":64}},"loc":{"start":{"line":26,"column":75},"end":{"line":29,"column":1}},"line":26},"1":{"name":"(anonymous_1)","decl":{"start":{"line":32,"column":57},"end":{"line":32,"column":58}},"loc":{"start":{"line":32,"column":167},"end":{"line":35,"column":1}},"line":32},"2":{"name":"(anonymous_2)","decl":{"start":{"line":42,"column":19},"end":{"line":42,"column":20}},"loc":{"start":{"line":42,"column":32},"end":{"line":57,"column":5}},"line":42},"3":{"name":"(anonymous_3)","decl":{"start":{"line":44,"column":41},"end":{"line":44,"column":42}},"loc":{"start":{"line":44,"column":52},"end":{"line":46,"column":13}},"line":44},"4":{"name":"(anonymous_4)","decl":{"start":{"line":47,"column":43},"end":{"line":47,"column":44}},"loc":{"start":{"line":47,"column":62},"end":{"line":50,"column":13}},"line":47},"5":{"name":"(anonymous_5)","decl":{"start":{"line":51,"column":42},"end":{"line":51,"column":43}},"loc":{"start":{"line":51,"column":53},"end":{"line":53,"column":13}},"line":51},"6":{"name":"(anonymous_6)","decl":{"start":{"line":54,"column":40},"end":{"line":54,"column":41}},"loc":{"start":{"line":54,"column":59},"end":{"line":56,"column":13}},"line":54}},"branchMap":{},"s":{"0":4,"1":4,"2":2,"3":1,"4":4,"5":1,"6":1,"7":4,"8":4,"9":1,"10":1,"11":1,"12":1,"13":1},"f":{"0":2,"1":1,"2":4,"3":1,"4":1,"5":1,"6":1},"b":{},"_coverageSchema":"1a1c01bbd47fc00a2c39e90264f33305004495a9","hash":"2e9226bdd2782878a9f6fd4f576fc2076d323d77"}
,"F:\\CSharp_project\\fooboolooGame\\src\\features\\sessionSlice.ts": {"path":"F:\\CSharp_project\\fooboolooGame\\src\\features\\sessionSlice.ts","statementMap":{"0":{"start":{"line":23,"column":35},"end":{"line":31,"column":1}},"1":{"start":{"line":34,"column":28},"end":{"line":37,"column":2}},"2":{"start":{"line":35,"column":21},"end":{"line":35,"column":105}},"3":{"start":{"line":36,"column":4},"end":{"line":36,"column":20}},"4":{"start":{"line":40,"column":31},"end":{"line":43,"column":2}},"5":{"start":{"line":41,"column":21},"end":{"line":41,"column":51}},"6":{"start":{"line":42,"column":4},"end":{"line":42,"column":20}},"7":{"start":{"line":46,"column":26},"end":{"line":49,"column":2}},"8":{"start":{"line":47,"column":21},"end":{"line":47,"column":99}},"9":{"start":{"line":48,"column":4},"end":{"line":48,"column":30}},"10":{"start":{"line":52,"column":33},"end":{"line":56,"column":2}},"11":{"start":{"line":53,"column":4},"end":{"line":53,"column":35}},"12":{"start":{"line":54,"column":20},"end":{"line":54,"column":47}},"13":{"start":{"line":55,"column":4},"end":{"line":55,"column":19}},"14":{"start":{"line":59,"column":21},"end":{"line":86,"column":2}},"15":{"start":{"line":64,"column":12},"end":{"line":64,"column":35}},"16":{"start":{"line":68,"column":8},"end":{"line":84,"column":15}},"17":{"start":{"line":70,"column":16},"end":{"line":70,"column":59}},"18":{"start":{"line":71,"column":16},"end":{"line":71,"column":45}},"19":{"start":{"line":72,"column":16},"end":{"line":72,"column":32}},"20":{"start":{"line":73,"column":16},"end":{"line":73,"column":39}},"21":{"start":{"line":74,"column":16},"end":{"line":74,"column":57}},"22":{"start":{"line":75,"column":16},"end":{"line":75,"column":35}},"23":{"start":{"line":78,"column":16},"end":{"line":78,"column":53}},"24":{"start":{"line":81,"column":16},"end":{"line":81,"column":39}},"25":{"start":{"line":82,"column":16},"end":{"line":82,"column":56}},"26":{"start":{"line":83,"column":16},"end":{"line":83,"column":67}},"27":{"start":{"line":88,"column":30},"end":{"line":88,"column":50}}},"fnMap":{"0":{"name":"(anonymous_0)","decl":{"start":{"line":34,"column":69},"end":{"line":34,"column":70}},"loc":{"start":{"line":34,"column":150},"end":{"line":37,"column":1}},"line":34},"1":{"name":"(anonymous_1)","decl":{"start":{"line":40,"column":75},"end":{"line":40,"column":76}},"loc":{"start":{"line":40,"column":104},"end":{"line":43,"column":1}},"line":40},"2":{"name":"(anonymous_2)","decl":{"start":{"line":46,"column":65},"end":{"line":46,"column":66}},"loc":{"start":{"line":46,"column":142},"end":{"line":49,"column":1}},"line":46},"3":{"name":"(anonymous_3)","decl":{"start":{"line":52,"column":79},"end":{"line":52,"column":80}},"loc":{"start":{"line":52,"column":108},"end":{"line":56,"column":1}},"line":52},"4":{"name":"(anonymous_4)","decl":{"start":{"line":63,"column":8},"end":{"line":63,"column":9}},"loc":{"start":{"line":63,"column":26},"end":{"line":65,"column":9}},"line":63},"5":{"name":"(anonymous_5)","decl":{"start":{"line":67,"column":19},"end":{"line":67,"column":20}},"loc":{"start":{"line":67,"column":32},"end":{"line":85,"column":5}},"line":67},"6":{"name":"(anonymous_6)","decl":{"start":{"line":69,"column":45},"end":{"line":69,"column":46}},"loc":{"start":{"line":69,"column":64},"end":{"line":76,"column":13}},"line":69},"7":{"name":"(anonymous_7)","decl":{"start":{"line":77,"column":48},"end":{"line":77,"column":49}},"loc":{"start":{"line":77,"column":67},"end":{"line":79,"column":13}},"line":77},"8":{"name":"(anonymous_8)","decl":{"start":{"line":80,"column":50},"end":{"line":80,"column":51}},"loc":{"start":{"line":80,"column":69},"end":{"line":84,"column":13}},"line":80}},"branchMap":{},"s":{"0":3,"1":3,"2":1,"3":1,"4":3,"5":1,"6":1,"7":3,"8":1,"9":1,"10":3,"11":1,"12":1,"13":1,"14":3,"15":1,"16":3,"17":1,"18":1,"19":1,"20":1,"21":1,"22":1,"23":1,"24":1,"25":1,"26":1,"27":3},"f":{"0":1,"1":1,"2":1,"3":1,"4":1,"5":3,"6":1,"7":1,"8":1},"b":{},"_coverageSchema":"1a1c01bbd47fc00a2c39e90264f33305004495a9","hash":"bc72c7a8368ea706854e4b362c7ab58442c69e3e"}
,"F:\\CSharp_project\\fooboolooGame\\src\\features\\store.ts": {"path":"F:\\CSharp_project\\fooboolooGame\\src\\features\\store.ts","statementMap":{"0":{"start":{"line":8,"column":21},"end":{"line":13,"column":2}},"1":{"start":{"line":19,"column":30},"end":{"line":19,"column":62}},"2":{"start":{"line":19,"column":36},"end":{"line":19,"column":62}},"3":{"start":{"line":22,"column":63},"end":{"line":22,"column":74}}},"fnMap":{"0":{"name":"(anonymous_0)","decl":{"start":{"line":19,"column":30},"end":{"line":19,"column":31}},"loc":{"start":{"line":19,"column":36},"end":{"line":19,"column":62}},"line":19}},"branchMap":{},"s":{"0":4,"1":4,"2":18,"3":4},"f":{"0":18},"b":{},"_coverageSchema":"1a1c01bbd47fc00a2c39e90264f33305004495a9","hash":"8edf8b7014e4f6d2ec3dc4fec7e3236460c46278"}
,"F:\\CSharp_project\\fooboolooGame\\src\\pages\\Game.tsx": {"path":"F:\\CSharp_project\\fooboolooGame\\src\\pages\\Game.tsx","statementMap":{"0":{"start":{"line":12,"column":15},"end":{"line":22,"column":1}},"1":{"start":{"line":26,"column":23},"end":{"line":138,"column":1}},"2":{"start":{"line":27,"column":23},"end":{"line":27,"column":54}},"3":{"start":{"line":28,"column":21},"end":{"line":28,"column":37}},"4":{"start":{"line":29,"column":21},"end":{"line":29,"column":34}},"5":{"start":{"line":30,"column":40},"end":{"line":30,"column":52}},"6":{"start":{"line":31,"column":36},"end":{"line":31,"column":48}},"7":{"start":{"line":33,"column":31},"end":{"line":37,"column":5}},"8":{"start":{"line":34,"column":25},"end":{"line":34,"column":103}},"9":{"start":{"line":35,"column":26},"end":{"line":35,"column":52}},"10":{"start":{"line":36,"column":8},"end":{"line":36,"column":43}},"11":{"start":{"line":39,"column":4},"end":{"line":137,"column":6}},"12":{"start":{"line":72,"column":45},"end":{"line":72,"column":74}},"13":{"start":{"line":86,"column":45},"end":{"line":86,"column":80}}},"fnMap":{"0":{"name":"(anonymous_0)","decl":{"start":{"line":26,"column":23},"end":{"line":26,"column":24}},"loc":{"start":{"line":26,"column":29},"end":{"line":138,"column":1}},"line":26},"1":{"name":"(anonymous_1)","decl":{"start":{"line":33,"column":31},"end":{"line":33,"column":32}},"loc":{"start":{"line":33,"column":43},"end":{"line":37,"column":5}},"line":33},"2":{"name":"(anonymous_2)","decl":{"start":{"line":72,"column":38},"end":{"line":72,"column":39}},"loc":{"start":{"line":72,"column":45},"end":{"line":72,"column":74}},"line":72},"3":{"name":"(anonymous_3)","decl":{"start":{"line":86,"column":38},"end":{"line":86,"column":39}},"loc":{"start":{"line":86,"column":45},"end":{"line":86,"column":80}},"line":86}},"branchMap":{},"s":{"0":1,"1":1,"2":5,"3":5,"4":5,"5":5,"6":5,"7":5,"8":0,"9":0,"10":0,"11":5,"12":1,"13":1},"f":{"0":5,"1":0,"2":1,"3":1},"b":{},"_coverageSchema":"1a1c01bbd47fc00a2c39e90264f33305004495a9","hash":"db4471c041eb4839815c36de92db402bf6fb8856"}
,"F:\\CSharp_project\\fooboolooGame\\src\\pages\\Home.tsx": {"path":"F:\\CSharp_project\\fooboolooGame\\src\\pages\\Home.tsx","statementMap":{"0":{"start":{"line":9,"column":23},"end":{"line":52,"column":1}},"1":{"start":{"line":10,"column":4},"end":{"line":51,"column":6}}},"fnMap":{"0":{"name":"(anonymous_0)","decl":{"start":{"line":9,"column":23},"end":{"line":9,"column":24}},"loc":{"start":{"line":9,"column":29},"end":{"line":52,"column":1}},"line":9}},"branchMap":{},"s":{"0":1,"1":3},"f":{"0":3},"b":{},"_coverageSchema":"1a1c01bbd47fc00a2c39e90264f33305004495a9","hash":"de3c111571ea40f989784f5deebf19990393a87e"}
,"F:\\CSharp_project\\fooboolooGame\\src\\pages\\SessionPage.tsx": {"path":"F:\\CSharp_project\\fooboolooGame\\src\\pages\\SessionPage.tsx","statementMap":{"0":{"start":{"line":7,"column":30},"end":{"line":15,"column":1}},"1":{"start":{"line":8,"column":26},"end":{"line":8,"column":60}},"2":{"start":{"line":10,"column":4},"end":{"line":14,"column":6}}},"fnMap":{"0":{"name":"(anonymous_0)","decl":{"start":{"line":7,"column":30},"end":{"line":7,"column":31}},"loc":{"start":{"line":7,"column":36},"end":{"line":15,"column":1}},"line":7}},"branchMap":{},"s":{"0":1,"1":2,"2":2},"f":{"0":2},"b":{},"_coverageSchema":"1a1c01bbd47fc00a2c39e90264f33305004495a9","hash":"d79df9f96e1582ed913121c44f3f4a134bcd44a3"}
,"F:\\CSharp_project\\fooboolooGame\\src\\pages\\SessionResultsPage.tsx": {"path":"F:\\CSharp_project\\fooboolooGame\\src\\pages\\SessionResultsPage.tsx","statementMap":{"0":{"start":{"line":4,"column":37},"end":{"line":11,"column":1}},"1":{"start":{"line":6,"column":4},"end":{"line":10,"column":6}}},"fnMap":{"0":{"name":"(anonymous_0)","decl":{"start":{"line":4,"column":37},"end":{"line":4,"column":38}},"loc":{"start":{"line":4,"column":43},"end":{"line":11,"column":1}},"line":4}},"branchMap":{},"s":{"0":1,"1":2},"f":{"0":2},"b":{},"_coverageSchema":"1a1c01bbd47fc00a2c39e90264f33305004495a9","hash":"3b2fd56d71e12ae1b7ffc8592b7dc9d5a73a20e2"}
}
