TN:
SF:src\api\api.ts
FN:9,(anonymous_0)
FN:14,(anonymous_1)
FN:19,(anonymous_2)
FN:24,(anonymous_3)
FN:29,(anonymous_4)
FN:34,(anonymous_5)
FN:39,(anonymous_6)
FN:44,(anonymous_7)
FNF:8
FNH:8
FNDA:1,(anonymous_0)
FNDA:1,(anonymous_1)
FNDA:1,(anonymous_2)
FNDA:1,(anonymous_3)
FNDA:1,(anonymous_4)
FNDA:1,(anonymous_5)
FNDA:1,(anonymous_6)
FNDA:1,(anonymous_7)
DA:3,7
DA:5,7
DA:9,7
DA:10,1
DA:11,1
DA:14,7
DA:15,1
DA:16,1
DA:19,7
DA:20,1
DA:21,1
DA:24,7
DA:25,1
DA:26,1
DA:29,7
DA:30,1
DA:31,1
DA:34,7
DA:35,1
DA:36,1
DA:39,7
DA:40,1
DA:41,1
DA:44,7
DA:45,1
DA:46,1
LF:26
LH:26
BRF:0
BRH:0
end_of_record
TN:
SF:src\components\GameForm.tsx
FN:6,(anonymous_0)
FN:21,(anonymous_1)
FN:26,(anonymous_2)
FN:33,(anonymous_3)
FN:37,(anonymous_4)
FN:37,(anonymous_5)
FN:41,(anonymous_6)
FN:70,(anonymous_7)
FN:81,(anonymous_8)
FN:93,(anonymous_9)
FN:106,(anonymous_10)
FN:118,(anonymous_11)
FN:124,(anonymous_12)
FN:139,(anonymous_13)
FNF:14
FNH:14
FNDA:20,(anonymous_0)
FNDA:1,(anonymous_1)
FNDA:3,(anonymous_2)
FNDA:3,(anonymous_3)
FNDA:7,(anonymous_4)
FNDA:1,(anonymous_5)
FNDA:1,(anonymous_6)
FNDA:2,(anonymous_7)
FNDA:2,(anonymous_8)
FNDA:3,(anonymous_9)
FNDA:1,(anonymous_10)
FNDA:21,(anonymous_11)
FNDA:1,(anonymous_12)
FNDA:1,(anonymous_13)
DA:6,1
DA:7,20
DA:8,20
DA:9,20
DA:10,20
DA:11,20
DA:12,20
DA:19,20
DA:21,20
DA:22,1
DA:23,1
DA:26,20
DA:27,3
DA:28,3
DA:33,3
DA:35,3
DA:37,7
DA:38,2
DA:41,1
DA:42,1
DA:43,1
DA:46,1
DA:49,20
DA:70,2
DA:81,2
DA:93,3
DA:106,1
DA:119,21
DA:125,1
DA:126,1
DA:127,1
DA:140,1
DA:141,1
DA:142,1
LF:34
LH:34
BRDA:32,0,0,3
BRDA:32,0,1,2
BRDA:33,1,0,3
BRDA:33,1,1,1
BRDA:37,2,0,2
BRDA:37,2,1,1
BRDA:37,3,0,7
BRDA:37,3,1,5
BRDA:37,3,2,1
BRDA:74,4,0,2
BRDA:74,4,1,18
BRDA:85,5,0,2
BRDA:85,5,1,18
BRDA:93,6,0,1
BRDA:93,6,1,2
BRDA:98,7,0,1
BRDA:98,7,1,19
BRDA:106,8,0,1
BRDA:106,8,1,0
BRDA:111,9,0,1
BRDA:111,9,1,19
BRDA:132,10,0,2
BRDA:132,10,1,19
BRDA:147,11,0,2
BRDA:147,11,1,19
BRF:25
BRH:24
end_of_record
TN:
SF:src\components\GameList.tsx
FN:9,(anonymous_0)
FN:12,(anonymous_1)
FN:15,(anonymous_2)
FN:56,(anonymous_3)
FNF:4
FNH:4
FNDA:5,(anonymous_0)
FNDA:10,(anonymous_1)
FNDA:5,(anonymous_2)
FNDA:8,(anonymous_3)
DA:9,1
DA:10,5
DA:12,10
DA:15,5
DA:16,5
DA:19,5
DA:57,8
LF:7
LH:7
BRF:0
BRH:0
end_of_record
TN:
SF:src\components\Session.tsx
FN:23,(anonymous_0)
FN:26,(anonymous_1)
FN:27,(anonymous_2)
FN:32,(anonymous_3)
FN:37,(anonymous_4)
FN:39,(anonymous_5)
FN:40,(anonymous_6)
FN:47,(anonymous_7)
FN:54,(anonymous_8)
FN:107,(anonymous_9)
FNF:10
FNH:10
FNDA:8,(anonymous_0)
FNDA:13,(anonymous_1)
FNDA:13,(anonymous_2)
FNDA:5,(anonymous_3)
FNDA:6,(anonymous_4)
FNDA:1,(anonymous_5)
FNDA:6,(anonymous_6)
FNDA:1,(anonymous_7)
FNDA:1,(anonymous_8)
FNDA:1,(anonymous_9)
DA:12,1
DA:23,1
DA:24,8
DA:25,8
DA:26,13
DA:27,13
DA:28,8
DA:29,8
DA:32,8
DA:33,5
DA:37,8
DA:38,6
DA:39,6
DA:40,6
DA:42,0
DA:47,8
DA:48,1
DA:49,1
DA:50,1
DA:51,1
DA:54,8
DA:55,1
DA:56,1
DA:59,8
DA:107,1
LF:25
LH:24
BRDA:38,0,0,6
BRDA:38,0,1,0
BRDA:87,1,0,0
BRDA:87,1,1,8
BRDA:91,2,0,0
BRDA:91,2,1,8
BRDA:98,3,0,8
BRDA:98,3,1,8
BRF:8
BRH:5
end_of_record
TN:
SF:src\components\SessionResults.tsx
FN:13,(anonymous_0)
FN:14,(anonymous_1)
FN:16,(anonymous_2)
FN:20,(anonymous_3)
FN:31,(anonymous_4)
FNF:5
FNH:5
FNDA:8,(anonymous_0)
FNDA:12,(anonymous_1)
FNDA:12,(anonymous_2)
FNDA:4,(anonymous_3)
FNDA:1,(anonymous_4)
DA:13,1
DA:14,12
DA:15,8
DA:16,12
DA:17,8
DA:18,8
DA:20,8
DA:21,4
DA:22,4
DA:23,3
DA:24,3
DA:25,1
DA:26,1
DA:27,1
DA:31,8
DA:32,1
DA:35,8
DA:44,8
LF:18
LH:18
BRDA:22,0,0,3
BRDA:22,0,1,1
BRDA:25,1,0,1
BRDA:25,1,1,0
BRDA:69,2,0,3
BRDA:69,2,1,5
BRF:6
BRH:5
end_of_record
TN:
SF:src\features\gamesSlice.ts
FN:26,(anonymous_0)
FN:32,(anonymous_1)
FN:42,(anonymous_2)
FN:44,(anonymous_3)
FN:47,(anonymous_4)
FN:51,(anonymous_5)
FN:54,(anonymous_6)
FNF:7
FNH:7
FNDA:2,(anonymous_0)
FNDA:1,(anonymous_1)
FNDA:4,(anonymous_2)
FNDA:1,(anonymous_3)
FNDA:1,(anonymous_4)
FNDA:1,(anonymous_5)
FNDA:1,(anonymous_6)
DA:20,4
DA:26,4
DA:27,2
DA:28,1
DA:32,4
DA:33,1
DA:34,1
DA:38,4
DA:43,4
DA:45,1
DA:48,1
DA:49,1
DA:52,1
DA:55,1
LF:14
LH:14
BRF:0
BRH:0
end_of_record
TN:
SF:src\features\sessionSlice.ts
FN:34,(anonymous_0)
FN:40,(anonymous_1)
FN:46,(anonymous_2)
FN:52,(anonymous_3)
FN:63,(anonymous_4)
FN:67,(anonymous_5)
FN:69,(anonymous_6)
FN:77,(anonymous_7)
FN:80,(anonymous_8)
FNF:9
FNH:9
FNDA:1,(anonymous_0)
FNDA:1,(anonymous_1)
FNDA:1,(anonymous_2)
FNDA:1,(anonymous_3)
FNDA:1,(anonymous_4)
FNDA:3,(anonymous_5)
FNDA:1,(anonymous_6)
FNDA:1,(anonymous_7)
FNDA:1,(anonymous_8)
DA:23,3
DA:34,3
DA:35,1
DA:36,1
DA:40,3
DA:41,1
DA:42,1
DA:46,3
DA:47,1
DA:48,1
DA:52,3
DA:53,1
DA:54,1
DA:55,1
DA:59,3
DA:64,1
DA:68,3
DA:70,1
DA:71,1
DA:72,1
DA:73,1
DA:74,1
DA:75,1
DA:78,1
DA:81,1
DA:82,1
DA:83,1
DA:88,3
LF:28
LH:28
BRF:0
BRH:0
end_of_record
TN:
SF:src\features\store.ts
FN:19,(anonymous_0)
FNF:1
FNH:1
FNDA:18,(anonymous_0)
DA:8,4
DA:19,18
DA:22,4
LF:3
LH:3
BRF:0
BRH:0
end_of_record
TN:
SF:src\pages\Game.tsx
FN:26,(anonymous_0)
FN:33,(anonymous_1)
FN:72,(anonymous_2)
FN:86,(anonymous_3)
FNF:4
FNH:3
FNDA:5,(anonymous_0)
FNDA:0,(anonymous_1)
FNDA:1,(anonymous_2)
FNDA:1,(anonymous_3)
DA:12,1
DA:26,1
DA:27,5
DA:28,5
DA:29,5
DA:30,5
DA:31,5
DA:33,5
DA:34,0
DA:35,0
DA:36,0
DA:39,5
DA:72,1
DA:86,1
LF:14
LH:11
BRF:0
BRH:0
end_of_record
TN:
SF:src\pages\Home.tsx
FN:9,(anonymous_0)
FNF:1
FNH:1
FNDA:3,(anonymous_0)
DA:9,1
DA:10,3
LF:2
LH:2
BRF:0
BRH:0
end_of_record
TN:
SF:src\pages\SessionPage.tsx
FN:7,(anonymous_0)
FNF:1
FNH:1
FNDA:2,(anonymous_0)
DA:7,1
DA:8,2
DA:10,2
LF:3
LH:3
BRF:0
BRH:0
end_of_record
TN:
SF:src\pages\SessionResultsPage.tsx
FN:4,(anonymous_0)
FNF:1
FNH:1
FNDA:2,(anonymous_0)
DA:4,1
DA:6,2
LF:2
LH:2
BRF:0
BRH:0
end_of_record
